  MenuScreen.h
C:\Users\xyz89\OneDrive\Pulpit\repozytorium - Chess\ChessSFML\Chess\sem4\MenuScreen.h(42,65): warning C4244: "argument": konwersja z "T" do "T", możliwa utrata danych
C:\Users\xyz89\OneDrive\Pulpit\repozytorium - Chess\ChessSFML\Chess\sem4\MenuScreen.h(42,65): warning C4244:         with
C:\Users\xyz89\OneDrive\Pulpit\repozytorium - Chess\ChessSFML\Chess\sem4\MenuScreen.h(42,65): warning C4244:         [
C:\Users\xyz89\OneDrive\Pulpit\repozytorium - Chess\ChessSFML\Chess\sem4\MenuScreen.h(42,65): warning C4244:             T=unsigned int
C:\Users\xyz89\OneDrive\Pulpit\repozytorium - Chess\ChessSFML\Chess\sem4\MenuScreen.h(42,65): warning C4244:         ]
C:\Users\xyz89\OneDrive\Pulpit\repozytorium - Chess\ChessSFML\Chess\sem4\MenuScreen.h(42,65): warning C4244:         and
C:\Users\xyz89\OneDrive\Pulpit\repozytorium - Chess\ChessSFML\Chess\sem4\MenuScreen.h(42,65): warning C4244:         [
C:\Users\xyz89\OneDrive\Pulpit\repozytorium - Chess\ChessSFML\Chess\sem4\MenuScreen.h(42,65): warning C4244:             T=float
C:\Users\xyz89\OneDrive\Pulpit\repozytorium - Chess\ChessSFML\Chess\sem4\MenuScreen.h(42,65): warning C4244:         ]
C:\Users\xyz89\OneDrive\Pulpit\repozytorium - Chess\ChessSFML\Chess\sem4\MenuScreen.h(42,51): warning C4244: "argument": konwersja z "T" do "T", możliwa utrata danych
C:\Users\xyz89\OneDrive\Pulpit\repozytorium - Chess\ChessSFML\Chess\sem4\MenuScreen.h(42,51): warning C4244:         with
C:\Users\xyz89\OneDrive\Pulpit\repozytorium - Chess\ChessSFML\Chess\sem4\MenuScreen.h(42,51): warning C4244:         [
C:\Users\xyz89\OneDrive\Pulpit\repozytorium - Chess\ChessSFML\Chess\sem4\MenuScreen.h(42,51): warning C4244:             T=unsigned int
C:\Users\xyz89\OneDrive\Pulpit\repozytorium - Chess\ChessSFML\Chess\sem4\MenuScreen.h(42,51): warning C4244:         ]
C:\Users\xyz89\OneDrive\Pulpit\repozytorium - Chess\ChessSFML\Chess\sem4\MenuScreen.h(42,51): warning C4244:         and
C:\Users\xyz89\OneDrive\Pulpit\repozytorium - Chess\ChessSFML\Chess\sem4\MenuScreen.h(42,51): warning C4244:         [
C:\Users\xyz89\OneDrive\Pulpit\repozytorium - Chess\ChessSFML\Chess\sem4\MenuScreen.h(42,51): warning C4244:             T=float
C:\Users\xyz89\OneDrive\Pulpit\repozytorium - Chess\ChessSFML\Chess\sem4\MenuScreen.h(42,51): warning C4244:         ]
  sem4.vcxproj -> C:\Users\xyz89\OneDrive\Pulpit\repozytorium - Chess\ChessSFML\Chess\x64\Debug\sem4.exe
